TN:
SF:mern-bug-tracker\backend\middleware\errorHandler.js
FN:5,(anonymous_0)
FN:16,(anonymous_1)
FN:21,(anonymous_2)
FN:27,(anonymous_3)
FN:28,(anonymous_4)
FN:33,(anonymous_5)
FN:42,(anonymous_6)
FN:60,(anonymous_7)
FN:88,(anonymous_8)
FN:89,(anonymous_9)
FN:95,(anonymous_10)
FNF:11
FNH:1
FNDA:4,(anonymous_0)
FNDA:0,(anonymous_1)
FNDA:0,(anonymous_2)
FNDA:0,(anonymous_3)
FNDA:0,(anonymous_4)
FNDA:0,(anonymous_5)
FNDA:0,(anonymous_6)
FNDA:0,(anonymous_7)
FNDA:0,(anonymous_8)
FNDA:0,(anonymous_9)
FNDA:0,(anonymous_10)
DA:1,1
DA:6,4
DA:7,4
DA:8,4
DA:9,4
DA:11,4
DA:16,1
DA:17,0
DA:18,0
DA:21,1
DA:22,0
DA:23,0
DA:24,0
DA:27,1
DA:28,0
DA:29,0
DA:30,0
DA:33,1
DA:34,0
DA:42,1
DA:44,0
DA:45,0
DA:51,0
DA:53,0
DA:60,1
DA:61,0
DA:62,0
DA:65,0
DA:72,0
DA:73,0
DA:75,0
DA:76,0
DA:79,0
DA:80,0
DA:81,0
DA:83,0
DA:88,1
DA:89,0
DA:90,0
DA:95,1
DA:96,0
DA:97,0
DA:100,1
LF:43
LH:15
BRDA:8,0,0,3
BRDA:8,0,1,1
BRDA:44,1,0,0
BRDA:44,1,1,0
BRDA:61,2,0,0
BRDA:61,2,1,0
BRDA:62,3,0,0
BRDA:62,3,1,0
BRDA:72,4,0,0
BRDA:72,4,1,0
BRDA:79,5,0,0
BRDA:79,5,1,0
BRDA:80,6,0,0
BRDA:80,6,1,0
BRDA:81,7,0,0
BRDA:81,7,1,0
BRF:16
BRH:2
end_of_record
TN:
SF:mern-bug-tracker\backend\utils\logger.js
FN:8,(anonymous_0)
FN:46,(anonymous_1)
FN:54,(anonymous_2)
FN:61,(anonymous_3)
FNF:4
FNH:0
FNDA:0,(anonymous_0)
FNDA:0,(anonymous_1)
FNDA:0,(anonymous_2)
FNDA:0,(anonymous_3)
DA:1,1
DA:4,1
DA:9,0
DA:14,1
DA:36,1
DA:37,1
DA:46,1
DA:47,0
DA:54,1
DA:55,0
DA:61,1
DA:62,0
DA:68,1
LF:13
LH:9
BRDA:9,0,0,0
BRDA:9,0,1,0
BRDA:15,1,0,1
BRDA:15,1,1,1
BRDA:36,2,0,1
BRDA:36,2,1,0
BRDA:46,3,0,0
BRDA:54,4,0,0
BRDA:61,5,0,0
BRF:9
BRH:3
end_of_record
TN:
SF:mern-bug-tracker\backend\utils\validation.js
FN:154,(anonymous_0)
FN:158,(anonymous_1)
FN:163,(anonymous_2)
FN:168,(anonymous_3)
FNF:4
FNH:4
FNDA:8,(anonymous_0)
FNDA:3,(anonymous_1)
FNDA:5,(anonymous_2)
FNDA:8,(anonymous_3)
DA:1,1
DA:4,1
DA:78,1
DA:154,1
DA:155,8
DA:158,1
DA:159,3
DA:163,1
DA:164,5
DA:165,2
DA:168,1
DA:169,8
DA:172,1
LF:13
LH:13
BRDA:164,0,0,3
BRDA:164,0,1,2
BRF:2
BRH:2
end_of_record
TN:
SF:server\src\models\Category.js
FN:36,(anonymous_0)
FNF:1
FNH:1
FNDA:4,(anonymous_0)
DA:1,1
DA:3,1
DA:36,1
DA:37,4
DA:38,4
DA:43,4
DA:47,1
DA:54,1
LF:8
LH:8
BRDA:37,0,0,4
BRDA:37,0,1,0
BRDA:37,1,0,4
BRDA:37,1,1,4
BRF:4
BRH:3
end_of_record
TN:
SF:server\src\models\Post.js
FN:95,(anonymous_0)
FN:112,(anonymous_1)
FN:117,(anonymous_2)
FN:122,(anonymous_3)
FN:123,(anonymous_4)
FN:127,(anonymous_5)
FNF:6
FNH:0
FNDA:0,(anonymous_0)
FNDA:0,(anonymous_1)
FNDA:0,(anonymous_2)
FNDA:0,(anonymous_3)
FNDA:0,(anonymous_4)
FNDA:0,(anonymous_5)
DA:1,1
DA:3,1
DA:88,1
DA:89,1
DA:90,1
DA:91,1
DA:92,1
DA:95,1
DA:96,0
DA:97,0
DA:104,0
DA:105,0
DA:108,0
DA:112,1
DA:113,0
DA:117,1
DA:118,0
DA:122,1
DA:123,0
DA:127,1
DA:128,0
DA:131,1
LF:22
LH:13
BRDA:96,0,0,0
BRDA:96,0,1,0
BRDA:96,1,0,0
BRDA:96,1,1,0
BRDA:104,2,0,0
BRDA:104,2,1,0
BRDA:104,3,0,0
BRDA:104,3,1,0
BRDA:104,3,2,0
BRF:9
BRH:0
end_of_record
TN:
SF:server\src\models\User.js
FN:62,(anonymous_0)
FN:75,(anonymous_1)
FN:80,(anonymous_2)
FN:87,(anonymous_3)
FNF:4
FNH:2
FNDA:14,(anonymous_0)
FNDA:0,(anonymous_1)
FNDA:0,(anonymous_2)
FNDA:2,(anonymous_3)
DA:1,1
DA:2,1
DA:4,1
DA:58,1
DA:59,1
DA:62,1
DA:63,14
DA:65,14
DA:66,14
DA:67,14
DA:68,14
DA:70,0
DA:75,1
DA:76,0
DA:80,1
DA:81,0
DA:82,0
DA:83,0
DA:87,1
DA:88,2
DA:91,1
LF:21
LH:16
BRDA:63,0,0,0
BRDA:63,0,1,14
BRDA:88,1,0,2
BRDA:88,1,1,1
BRDA:88,2,0,2
BRDA:88,2,1,1
BRF:6
BRH:5
end_of_record
TN:
SF:server\src\utils\auth.js
FN:11,(anonymous_0)
FN:29,(anonymous_1)
FN:42,(anonymous_2)
FN:54,(anonymous_3)
FNF:4
FNH:3
FNDA:3,(anonymous_0)
FNDA:3,(anonymous_1)
FNDA:7,(anonymous_2)
FNDA:0,(anonymous_3)
DA:1,1
DA:3,1
DA:4,1
DA:11,1
DA:12,3
DA:19,3
DA:29,1
DA:30,3
DA:31,3
DA:33,2
DA:42,1
DA:43,7
DA:44,5
DA:46,2
DA:54,1
DA:55,0
DA:60,0
DA:65,1
LF:18
LH:16
BRDA:3,0,0,1
BRDA:3,0,1,1
BRDA:4,1,0,1
BRDA:4,1,1,1
BRDA:43,2,0,5
BRDA:43,2,1,2
BRDA:43,3,0,7
BRDA:43,3,1,4
BRF:8
BRH:8
end_of_record
TN:
SF:server\src\utils\validation.js
FN:10,(anonymous_0)
FN:20,(anonymous_1)
FN:54,(anonymous_2)
FN:80,(anonymous_3)
FN:90,(anonymous_4)
FNF:5
FNH:5
FNDA:14,(anonymous_0)
FNDA:14,(anonymous_1)
FNDA:18,(anonymous_2)
FNDA:13,(anonymous_3)
FNDA:17,(anonymous_4)
DA:10,1
DA:11,14
DA:12,14
DA:20,1
DA:21,14
DA:23,14
DA:24,6
DA:27,14
DA:28,1
DA:31,14
DA:32,3
DA:35,14
DA:36,4
DA:39,14
DA:40,3
DA:43,14
DA:54,1
DA:55,18
DA:57,18
DA:58,5
DA:61,18
DA:62,1
DA:65,18
DA:66,6
DA:69,18
DA:80,1
DA:81,13
DA:82,7
DA:90,1
DA:91,17
DA:92,17
DA:95,1
LF:32
LH:32
BRDA:23,0,0,6
BRDA:23,0,1,8
BRDA:23,1,0,14
BRDA:23,1,1,11
BRDA:27,2,0,1
BRDA:27,2,1,13
BRDA:27,3,0,14
BRDA:27,3,1,11
BRDA:31,4,0,3
BRDA:31,4,1,11
BRDA:31,5,0,14
BRDA:31,5,1,11
BRDA:35,6,0,4
BRDA:35,6,1,10
BRDA:35,7,0,14
BRDA:35,7,1,11
BRDA:39,8,0,3
BRDA:39,8,1,11
BRDA:39,9,0,14
BRDA:39,9,1,11
BRDA:57,10,0,5
BRDA:57,10,1,13
BRDA:57,11,0,18
BRDA:57,11,1,15
BRDA:61,12,0,1
BRDA:61,12,1,17
BRDA:61,13,0,18
BRDA:61,13,1,15
BRDA:65,14,0,6
BRDA:65,14,1,12
BRDA:65,15,0,18
BRDA:65,15,1,15
BRDA:81,16,0,6
BRDA:81,16,1,7
BRF:34
BRH:34
end_of_record
